<?xml version="1.0" encoding="UTF-8"?>
<!-- Generated by org.testng.reporters.JUnitReportReporter -->
<testsuite hostname="Bahaa" failures="0" tests="1" name="Tests.CartTests" time="68.437" errors="0" timestamp="2025-04-22T06:30:44 EET" skipped="0">
  <testcase classname="Tests.CartTests" name="verifyItemRemovalFlow" time="68.437"/>
</testsuite> <!-- Tests.CartTests -->
