<?xml version="1.0" encoding="UTF-8"?>
<!-- Generated by org.testng.reporters.JUnitReportReporter -->
<testsuite hostname="Bahaa" failures="0" tests="1" name="Tests.CartTests" time="11.292" errors="0" timestamp="2025-04-23T20:34:28 EET" skipped="0">
  <testcase classname="Tests.CartTests" name="verifyContinueShoppingAfterItemRemoval" time="11.292"/>
</testsuite> <!-- Tests.CartTests -->
