<?xml version="1.0" encoding="UTF-8"?>
<!-- Generated by org.testng.reporters.JUnitReportReporter -->
<testsuite hostname="Bahaa" failures="0" tests="1" name="Tests.LoginTest" time="1.672" errors="0" timestamp="2025-04-22T00:44:36 EET" skipped="0">
  <testcase classname="Tests.LoginTest" name="loginWithValidUserNameAndValidPassword" time="1.672"/>
</testsuite> <!-- Tests.LoginTest -->
