<?xml version="1.0" encoding="UTF-8"?>
<!-- Generated by org.testng.reporters.JUnitReportReporter -->
<testsuite hostname="Bahaa" failures="0" tests="1" name="Tests.CartTests" time="7.672" errors="0" timestamp="2025-04-22T16:21:22 EET" skipped="0">
  <testcase classname="Tests.CartTests" name="verifyItemRemovalFlow" time="7.672"/>
</testsuite> <!-- Tests.CartTests -->
