<?xml version="1.0" encoding="UTF-8"?>
<!-- Generated by org.testng.reporters.JUnitReportReporter -->
<testsuite hostname="Bahaa" failures="0" tests="1" name="Tests.ProductTest" time="8.261" errors="0" timestamp="2025-04-22T06:26:21 EET" skipped="0">
  <testcase classname="Tests.ProductTest" name="testAddAndRemoveItemFromCart" time="8.261"/>
</testsuite> <!-- Tests.ProductTest -->
